c:\users\pivkin_m\source\repos\lasercom storage1\lasercom storage\debug\vc142.pdb
c:\users\pivkin_m\source\repos\lasercom storage3\lasercom storage2\lasercom storage\debug\vc142.pdb
c:\users\pivkin_m\source\repos\lasercom storage3\lasercom storage2\lasercom storage\debug\.netframework,version=v4.7.2.assemblyattributes.obj
c:\users\pivkin_m\source\repos\lasercom storage3\lasercom storage2\lasercom storage\debug\users.obj
c:\users\pivkin_m\source\repos\lasercom storage3\lasercom storage2\lasercom storage\debug\testdialog.obj
c:\users\pivkin_m\source\repos\lasercom storage3\lasercom storage2\lasercom storage\debug\order.obj
c:\users\pivkin_m\source\repos\lasercom storage3\lasercom storage2\lasercom storage\debug\myform.obj
c:\users\pivkin_m\source\repos\lasercom storage3\lasercom storage2\debug\concrt140d.dll
c:\users\pivkin_m\source\repos\lasercom storage3\lasercom storage2\debug\msvcp140d.dll
c:\users\pivkin_m\source\repos\lasercom storage3\lasercom storage2\debug\msvcp140d_atomic_wait.dll
c:\users\pivkin_m\source\repos\lasercom storage3\lasercom storage2\debug\msvcp140d_codecvt_ids.dll
c:\users\pivkin_m\source\repos\lasercom storage3\lasercom storage2\debug\msvcp140_1d.dll
c:\users\pivkin_m\source\repos\lasercom storage3\lasercom storage2\debug\msvcp140_2d.dll
c:\users\pivkin_m\source\repos\lasercom storage3\lasercom storage2\debug\vccorlib140d.dll
c:\users\pivkin_m\source\repos\lasercom storage3\lasercom storage2\debug\vcruntime140d.dll
c:\users\pivkin_m\source\repos\lasercom storage3\lasercom storage2\debug\vcamp140d.dll
c:\users\pivkin_m\source\repos\lasercom storage3\lasercom storage2\debug\vcomp140d.dll
c:\users\pivkin_m\source\repos\lasercom storage3\lasercom storage2\debug\libomp140.i386.dll
c:\users\pivkin_m\source\repos\lasercom storage3\lasercom storage2\debug\libomp140d.i386.dll
c:\users\pivkin_m\source\repos\lasercom storage3\lasercom storage2\debug\ucrtbased.dll
c:\users\pivkin_m\source\repos\lasercom storage\lasercom storage\debug\lasercomstorage.myform.resources
c:\users\mixte\source\repos\lasercom storage\lasercom storage\debug\lasercomstorage.myform.resources
c:\users\pivkin_m\source\repos\lasercom storage1\lasercom storage\debug\lasercomstorage.myform.resources
c:\users\pivkin_m\source\repos\lasercom storage1\lasercom storage\debug\lasercomstorage.users.resources
c:\users\pivkin_m\source\repos\lasercom storage2\lasercom storage\debug\lasercomstorage.myform.resources
c:\users\pivkin_m\source\repos\lasercom storage2\lasercom storage\debug\lasercomstorage.myform1.resources
c:\users\pivkin_m\source\repos\lasercom storage2\lasercom storage\debug\lasercomstorage.order.resources
c:\users\pivkin_m\source\repos\lasercom storage2\lasercom storage\debug\lasercomstorage.users.resources
c:\users\mixte\source\repos\lasercom storage2\lasercom storage\debug\lasercomstorage.myform.resources
c:\users\mixte\source\repos\lasercom storage2\lasercom storage\debug\lasercomstorage.order.resources
c:\users\mixte\source\repos\lasercom storage2\lasercom storage\debug\lasercomstorage.users.resources
c:\users\mixte\source\repos\lasercom storage2\lasercom storage\debug\lasercomstorage.testdialog.resources
c:\users\pivkin_m\source\repos\lasercom storage3\lasercom storage2\lasercom storage\debug\lasercomstorage.myform.resources
c:\users\pivkin_m\source\repos\lasercom storage3\lasercom storage2\lasercom storage\debug\lasercomstorage.order.resources
c:\users\pivkin_m\source\repos\lasercom storage3\lasercom storage2\lasercom storage\debug\lasercomstorage.testdialog.resources
c:\users\pivkin_m\source\repos\lasercom storage3\lasercom storage2\lasercom storage\debug\lasercomstorage.users.resources
c:\users\pivkin_m\source\repos\lasercom storage3\lasercom storage2\debug\lasercom storage.exe
c:\users\pivkin_m\source\repos\lasercom storage3\lasercom storage2\debug\lasercom storage.pdb
c:\users\pivkin_m\source\repos\lasercom storage3\lasercom storage2\lasercom storage\debug\lasercom storage.tlog\cl.command.1.tlog
c:\users\pivkin_m\source\repos\lasercom storage3\lasercom storage2\lasercom storage\debug\lasercom storage.tlog\cl.read.1.tlog
c:\users\pivkin_m\source\repos\lasercom storage3\lasercom storage2\lasercom storage\debug\lasercom storage.tlog\cl.write.1.tlog
c:\users\pivkin_m\source\repos\lasercom storage3\lasercom storage2\lasercom storage\debug\lasercom storage.tlog\copylocal.read.1u.tlog
c:\users\pivkin_m\source\repos\lasercom storage3\lasercom storage2\lasercom storage\debug\lasercom storage.tlog\copylocal.write.1u.tlog
c:\users\pivkin_m\source\repos\lasercom storage3\lasercom storage2\lasercom storage\debug\lasercom storage.tlog\lasercom storage.write.1u.tlog
c:\users\pivkin_m\source\repos\lasercom storage3\lasercom storage2\lasercom storage\debug\lasercom storage.tlog\link.command.1.tlog
c:\users\pivkin_m\source\repos\lasercom storage3\lasercom storage2\lasercom storage\debug\lasercom storage.tlog\link.read.1.tlog
c:\users\pivkin_m\source\repos\lasercom storage3\lasercom storage2\lasercom storage\debug\lasercom storage.tlog\link.write.1.tlog
c:\users\pivkin_m\source\repos\lasercom storage3\lasercom storage2\lasercom storage\debug\lasercom storage.tlog\metagen.read.1.tlog
c:\users\pivkin_m\source\repos\lasercom storage3\lasercom storage2\lasercom storage\debug\lasercom storage.tlog\metagen.write.1.tlog
